Determining if the pthread_create exist failed with the following output:
Change Dir: /home/workspace/c3-project/CMakeFiles/CMakeTmp

Run Build Command:"/usr/bin/make" "cmTC_5612e/fast"
/usr/bin/make -f CMakeFiles/cmTC_5612e.dir/build.make CMakeFiles/cmTC_5612e.dir/build
make[1]: Entering directory '/home/workspace/c3-project/CMakeFiles/CMakeTmp'
Building C object CMakeFiles/cmTC_5612e.dir/CheckSymbolExists.c.o
/usr/bin/cc    -o CMakeFiles/cmTC_5612e.dir/CheckSymbolExists.c.o   -c /home/workspace/c3-project/CMakeFiles/CMakeTmp/CheckSymbolExists.c
Linking C executable cmTC_5612e
/usr/local/bin/cmake -E cmake_link_script CMakeFiles/cmTC_5612e.dir/link.txt --verbose=1
/usr/bin/cc      CMakeFiles/cmTC_5612e.dir/CheckSymbolExists.c.o  -o cmTC_5612e 
CMakeFiles/cmTC_5612e.dir/CheckSymbolExists.c.o: In function `main':
CheckSymbolExists.c:(.text+0x1b): undefined reference to `pthread_create'
collect2: error: ld returned 1 exit status
CMakeFiles/cmTC_5612e.dir/build.make:86: recipe for target 'cmTC_5612e' failed
make[1]: *** [cmTC_5612e] Error 1
make[1]: Leaving directory '/home/workspace/c3-project/CMakeFiles/CMakeTmp'
Makefile:121: recipe for target 'cmTC_5612e/fast' failed
make: *** [cmTC_5612e/fast] Error 2

File /home/workspace/c3-project/CMakeFiles/CMakeTmp/CheckSymbolExists.c:
/* */
#include <pthread.h>

int main(int argc, char** argv)
{
  (void)argv;
#ifndef pthread_create
  return ((int*)(&pthread_create))[argc];
#else
  (void)argc;
  return 0;
#endif
}

Determining if the function pthread_create exists in the pthreads failed with the following output:
Change Dir: /home/workspace/c3-project/CMakeFiles/CMakeTmp

Run Build Command:"/usr/bin/make" "cmTC_51d16/fast"
/usr/bin/make -f CMakeFiles/cmTC_51d16.dir/build.make CMakeFiles/cmTC_51d16.dir/build
make[1]: Entering directory '/home/workspace/c3-project/CMakeFiles/CMakeTmp'
Building C object CMakeFiles/cmTC_51d16.dir/CheckFunctionExists.c.o
/usr/bin/cc   -DCHECK_FUNCTION_EXISTS=pthread_create   -o CMakeFiles/cmTC_51d16.dir/CheckFunctionExists.c.o   -c /usr/local/share/cmake-3.13/Modules/CheckFunctionExists.c
Linking C executable cmTC_51d16
/usr/local/bin/cmake -E cmake_link_script CMakeFiles/cmTC_51d16.dir/link.txt --verbose=1
/usr/bin/cc  -DCHECK_FUNCTION_EXISTS=pthread_create    CMakeFiles/cmTC_51d16.dir/CheckFunctionExists.c.o  -o cmTC_51d16 -lpthreads 
/usr/bin/ld: cannot find -lpthreads
collect2: error: ld returned 1 exit status
CMakeFiles/cmTC_51d16.dir/build.make:86: recipe for target 'cmTC_51d16' failed
make[1]: *** [cmTC_51d16] Error 1
make[1]: Leaving directory '/home/workspace/c3-project/CMakeFiles/CMakeTmp'
Makefile:121: recipe for target 'cmTC_51d16/fast' failed
make: *** [cmTC_51d16/fast] Error 2


